The system is: Windows - 10.0.18363 - AMD64
Compiling the C compiler identification source file "CMakeCCompilerId.c" succeeded.
Compiler: C:/DevelopmentTools/Microsoft Visual Studio/2019/VC/Tools/MSVC/14.24.28314/bin/HostX64/x64/cl.exe 
Build flags: 
Id flags:  

The output was:
0
Microsoft (R) C/C++ Optimizing Compiler Version 19.24.28316 for x64
Copyright (C) Microsoft Corporation.  All rights reserved.

CMakeCCompilerId.c
Microsoft (R) Incremental Linker Version 14.24.28316.0
Copyright (C) Microsoft Corporation.  All rights reserved.

/out:CMakeCCompilerId.exe 
CMakeCCompilerId.obj 


Compilation of the C compiler identification source "CMakeCCompilerId.c" produced "CMakeCCompilerId.exe"

Compilation of the C compiler identification source "CMakeCCompilerId.c" produced "CMakeCCompilerId.obj"

The C compiler identification is MSVC, found in "C:/Projects/CrossForge/out/build/x64-Debug/CMakeFiles/3.15.19101501-MSVC_2/CompilerIdC/CMakeCCompilerId.exe"

Compiling the CXX compiler identification source file "CMakeCXXCompilerId.cpp" succeeded.
Compiler: C:/DevelopmentTools/Microsoft Visual Studio/2019/VC/Tools/MSVC/14.24.28314/bin/HostX64/x64/cl.exe 
Build flags: 
Id flags:  

The output was:
0
Microsoft (R) C/C++ Optimizing Compiler Version 19.24.28316 for x64
Copyright (C) Microsoft Corporation.  All rights reserved.

CMakeCXXCompilerId.cpp
Microsoft (R) Incremental Linker Version 14.24.28316.0
Copyright (C) Microsoft Corporation.  All rights reserved.

/out:CMakeCXXCompilerId.exe 
CMakeCXXCompilerId.obj 


Compilation of the CXX compiler identification source "CMakeCXXCompilerId.cpp" produced "CMakeCXXCompilerId.exe"

Compilation of the CXX compiler identification source "CMakeCXXCompilerId.cpp" produced "CMakeCXXCompilerId.obj"

The CXX compiler identification is MSVC, found in "C:/Projects/CrossForge/out/build/x64-Debug/CMakeFiles/3.15.19101501-MSVC_2/CompilerIdCXX/CMakeCXXCompilerId.exe"

Determining if the C compiler works passed with the following output:
Change Dir: C:/Projects/CrossForge/out/build/x64-Debug/CMakeFiles/CMakeTmp

Run Build Command(s):C:/DevelopmentTools/Microsoft Visual Studio/2019/Common7/IDE/CommonExtensions/Microsoft/CMake/Ninja/ninja.exe cmTC_6f8c9 && [1/2] Building C object CMakeFiles\cmTC_6f8c9.dir\testCCompiler.c.obj
[2/2] Linking C executable cmTC_6f8c9.exe



Detecting C compiler ABI info compiled with the following output:
Change Dir: C:/Projects/CrossForge/out/build/x64-Debug/CMakeFiles/CMakeTmp

Run Build Command(s):C:/DevelopmentTools/Microsoft Visual Studio/2019/Common7/IDE/CommonExtensions/Microsoft/CMake/Ninja/ninja.exe cmTC_ba51f && [1/2] Building C object CMakeFiles\cmTC_ba51f.dir\CMakeCCompilerABI.c.obj
[2/2] Linking C executable cmTC_ba51f.exe



Determining if the CXX compiler works passed with the following output:
Change Dir: C:/Projects/CrossForge/out/build/x64-Debug/CMakeFiles/CMakeTmp

Run Build Command(s):C:/DevelopmentTools/Microsoft Visual Studio/2019/Common7/IDE/CommonExtensions/Microsoft/CMake/Ninja/ninja.exe cmTC_eef0e && [1/2] Building CXX object CMakeFiles\cmTC_eef0e.dir\testCXXCompiler.cxx.obj
[2/2] Linking CXX executable cmTC_eef0e.exe



Detecting CXX compiler ABI info compiled with the following output:
Change Dir: C:/Projects/CrossForge/out/build/x64-Debug/CMakeFiles/CMakeTmp

Run Build Command(s):C:/DevelopmentTools/Microsoft Visual Studio/2019/Common7/IDE/CommonExtensions/Microsoft/CMake/Ninja/ninja.exe cmTC_4f34c && [1/2] Building CXX object CMakeFiles\cmTC_4f34c.dir\CMakeCXXCompilerABI.cpp.obj
[2/2] Linking CXX executable cmTC_4f34c.exe



